<?xml version="1.0" encoding="UTF-8"?>
<!-- Generated by org.testng.reporters.JUnitReportReporter -->
<testsuite hostname="Nikhil" failures="0" tests="1" name="Test_Class_Gutenberg.GutenBerg_Book_Search_Test_Class" time="22.411" errors="0" timestamp="2023-02-24T04:52:45 IST" skipped="0">
  <testcase classname="Test_Class_Gutenberg.GutenBerg_Book_Search_Test_Class" name="CGF_0005" time="22.411"/>
  <system-out>
    <![CDATA[TC is passed]]>
  </system-out>
</testsuite> <!-- Test_Class_Gutenberg.GutenBerg_Book_Search_Test_Class -->
