<?xml version="1.0" encoding="UTF-8"?>
<!-- Generated by org.testng.reporters.JUnitReportReporter -->
<testsuite hostname="Nikhil" failures="0" tests="1" name="Test_Class_Gutenberg.CGF_0005_Politics" time="108.569" errors="0" timestamp="2023-02-24T10:49:46 IST" skipped="0">
  <testcase classname="Test_Class_Gutenberg.CGF_0005_Politics" name="CGF_0005Politics" time="108.569"/>
  <system-out>
    <![CDATA[TC is passed]]>
  </system-out>
</testsuite> <!-- Test_Class_Gutenberg.CGF_0005_Politics -->
