<?xml version="1.0" encoding="UTF-8"?>
<!-- Generated by org.testng.reporters.JUnitReportReporter -->
<testsuite hostname="Nikhil" failures="0" tests="1" name="Test_Class_Gutenberg.CGF_0005_Drama" time="108.636" errors="0" timestamp="2023-02-24T10:49:46 IST" skipped="0">
  <testcase classname="Test_Class_Gutenberg.CGF_0005_Drama" name="CGF_0005Drama" time="108.636"/>
  <system-out>
    <![CDATA[TC is passed]]>
  </system-out>
</testsuite> <!-- Test_Class_Gutenberg.CGF_0005_Drama -->
